INFO:root:Added food: こむぎ
INFO:root:Added food: 食パン　　
INFO:root:Added food: うどん
INFO:root:Added food: こめ
INFO:root:Added food: いも
INFO:root:Added food: あずき
INFO:root:Added food: オクラ　
INFO:root:Added food: かぶ　
INFO:root:Added food: ししとう　　
INFO:root:Added food: たけのこ　
INFO:root:Added food: たまねぎ
INFO:root:Added food: スイートコーン
INFO:root:Added food: にんじん　
INFO:root:Added food: もやし　
INFO:root:Added food: ストレートジュース　
INFO:root:Added food: ぶどう　　
INFO:root:Added food: ブルーベリー　　
INFO:root:Added food: マンゴー
INFO:root:Added food: メロン　　
INFO:root:Added food: もも　
INFO:root:Added food: ライチー
INFO:root:Added food: ラズベリー
INFO:root:Added food: りんご
